<?xml version="1.0" encoding="UTF-8"?>
<!-- Generated by org.testng.reporters.JUnitReportReporter -->
<testsuite hostname="DESKTOP-R83QAQH" failures="0" tests="1" name="PackageDemo.PracticeTest" time="0.012" errors="0" timestamp="2022-09-09T17:05:41 IST" skipped="0">
  <testcase classname="PackageDemo.PracticeTest" name="Demo" time="0.012"/>
  <system-out>
    <![CDATA[abcd]]>
  </system-out>
</testsuite> <!-- PackageDemo.PracticeTest -->
