<?xml version="1.0" encoding="UTF-8"?>
<!-- Generated by org.testng.reporters.JUnitReportReporter -->
<testsuite hostname="DESKTOP-R83QAQH" failures="0" tests="2" name="Tg1" time="0.014" errors="0" timestamp="2022-09-09T16:40:00 IST" skipped="0">
  <testcase classname="Tg1" name="testcase2" time="0.003"/>
  <system-out>
    <![CDATA[Pavani]]>
  </system-out>
  <testcase classname="Tg1" name="testCase1" time="0.011"/>
  <system-out>
    <![CDATA[1]]>
  </system-out>
</testsuite> <!-- Tg1 -->
